[debug] [2021-11-06T16:46:00.996Z] ----------------------------------------------------------------------
[debug] [2021-11-06T16:46:00.998Z] Command:       /usr/local/bin/node /Users/jocelyn/.npm-global/bin/firebase hosting:disable
[debug] [2021-11-06T16:46:00.998Z] CLI Version:   9.21.0
[debug] [2021-11-06T16:46:00.998Z] Platform:      darwin
[debug] [2021-11-06T16:46:00.998Z] Node Version:  v14.17.6
[debug] [2021-11-06T16:46:01.006Z] Time:          Sun Nov 07 2021 00:46:00 GMT+0800 (Singapore Standard Time)
[debug] [2021-11-06T16:46:01.006Z] ----------------------------------------------------------------------
[debug] 
[debug] [2021-11-06T16:46:01.059Z] > command requires scopes: ["email","openid","https://www.googleapis.com/auth/cloudplatformprojects.readonly","https://www.googleapis.com/auth/firebase","https://www.googleapis.com/auth/cloud-platform"]
[debug] [2021-11-06T16:46:01.060Z] > authorizing via signed-in user (jocelynpeixuan@gmail.com)
[debug] [2021-11-06T16:46:01.060Z] [iam] checking project bt3103-20ee1 for permissions ["firebase.projects.get","firebasehosting.sites.update"]
[debug] [2021-11-06T16:46:01.062Z] > refreshing access token with scopes: ["email","https://www.googleapis.com/auth/cloud-platform","https://www.googleapis.com/auth/cloudplatformprojects.readonly","https://www.googleapis.com/auth/firebase","openid"]
[debug] [2021-11-06T16:46:01.062Z] >>> HTTP REQUEST POST https://www.googleapis.com/oauth2/v3/token  
 <request body omitted>
[debug] [2021-11-06T16:46:01.154Z] <<< HTTP RESPONSE 200 {"pragma":"no-cache","date":"Sat, 06 Nov 2021 16:46:01 GMT","cache-control":"no-cache, no-store, max-age=0, must-revalidate","expires":"Mon, 01 Jan 1990 00:00:00 GMT","content-type":"application/json; charset=utf-8","vary":"X-Origin, Referer, Origin,Accept-Encoding","server":"scaffolding on HTTPServer2","x-xss-protection":"0","x-frame-options":"SAMEORIGIN","x-content-type-options":"nosniff","alt-svc":"h3=\":443\"; ma=2592000,h3-29=\":443\"; ma=2592000,h3-Q050=\":443\"; ma=2592000,h3-Q046=\":443\"; ma=2592000,h3-Q043=\":443\"; ma=2592000,quic=\":443\"; ma=2592000; v=\"46,43\"","accept-ranges":"none","transfer-encoding":"chunked"}
[debug] [2021-11-06T16:46:01.210Z] >>> HTTP REQUEST POST https://cloudresourcemanager.googleapis.com/v1/projects/bt3103-20ee1:testIamPermissions  
 {"permissions":["firebase.projects.get","firebasehosting.sites.update"]}
[debug] [2021-11-06T16:46:02.223Z] <<< HTTP RESPONSE 200 {"content-type":"application/json; charset=UTF-8","vary":"X-Origin, Referer, Origin,Accept-Encoding","date":"Sat, 06 Nov 2021 16:46:02 GMT","server":"ESF","cache-control":"private","x-xss-protection":"0","x-frame-options":"SAMEORIGIN","x-content-type-options":"nosniff","server-timing":"gfet4t7; dur=973","alt-svc":"h3=\":443\"; ma=2592000,h3-29=\":443\"; ma=2592000,h3-Q050=\":443\"; ma=2592000,h3-Q046=\":443\"; ma=2592000,h3-Q043=\":443\"; ma=2592000,quic=\":443\"; ma=2592000; v=\"46,43\"","accept-ranges":"none","transfer-encoding":"chunked"}
[debug] [2021-11-06T16:46:02.224Z] > refreshing access token with scopes: []
[debug] [2021-11-06T16:46:02.224Z] >>> HTTP REQUEST POST https://www.googleapis.com/oauth2/v3/token  
 <request body omitted>
[debug] [2021-11-06T16:46:02.264Z] <<< HTTP RESPONSE 200 {"cache-control":"no-cache, no-store, max-age=0, must-revalidate","pragma":"no-cache","expires":"Mon, 01 Jan 1990 00:00:00 GMT","date":"Sat, 06 Nov 2021 16:46:02 GMT","content-type":"application/json; charset=utf-8","vary":"X-Origin, Referer, Origin,Accept-Encoding","server":"scaffolding on HTTPServer2","x-xss-protection":"0","x-frame-options":"SAMEORIGIN","x-content-type-options":"nosniff","alt-svc":"h3=\":443\"; ma=2592000,h3-29=\":443\"; ma=2592000,h3-Q050=\":443\"; ma=2592000,h3-Q046=\":443\"; ma=2592000,h3-Q043=\":443\"; ma=2592000,quic=\":443\"; ma=2592000; v=\"46,43\"","accept-ranges":"none","transfer-encoding":"chunked"}
[debug] [2021-11-06T16:46:02.357Z] >>> [apiv2][query] GET https://firebase.googleapis.com/v1beta1/projects/bt3103-20ee1 [none]
[debug] [2021-11-06T16:46:02.641Z] <<< [apiv2][status] GET https://firebase.googleapis.com/v1beta1/projects/bt3103-20ee1 200
[debug] [2021-11-06T16:46:02.642Z] <<< [apiv2][body] GET https://firebase.googleapis.com/v1beta1/projects/bt3103-20ee1 {"projectId":"bt3103-20ee1","projectNumber":"919319771254","displayName":"bt3103","name":"projects/bt3103-20ee1","resources":{"hostingSite":"bt3103-20ee1","storageBucket":"bt3103-20ee1.appspot.com","locationId":"asia-south1"},"state":"ACTIVE"}
